生成启动时间为 2014/9/8 15:40:38。
     1>项目“G:\learn\gamex\gamex\extensions\proj.win32\libExtensions.vcxproj”在节点 2 上(build 个目标)。
     1>InitializeBuildStatus:
         正在对“Debug.win32\libExtensions.unsuccessfulbuild”执行 Touch 任务。
       ClCompile:
         所有输出均为最新。
         所有输出均为最新。
       PreLinkEvent:
         /cstep C:\Program Files (x86)\Xoreax\IncrediBuild\temp\cstep_{7117C764-90BD-4CFF-A9C2-8D9B00DAFAE5}.bat if not exist "G:\learn\gamex\gamex\Debug.win32\" mkdir "G:\learn\gamex\gamex\Debug.win32\"
         xcopy /Y /Q "G:\learn\gamex\gamex\extensions\proj.win32\..\..\external\libwebsockets\win32\lib\*.*" "G:\learn\gamex\gamex\Debug.win32\"
         xcopy /Y /Q "G:\learn\gamex\gamex\extensions\proj.win32\..\..\external\sqlite3\libraries\win32\*.*" "G:\learn\gamex\gamex\Debug.win32\" /msg "Performing Pre-Link Event"
         :VCEnd
         {{xgTaskID=00000005}}
         复制了 2 个文件
         复制了 2 个文件
         {{xgTaskID=00000000}}
       Link:
         C:\Program Files (x86)\Microsoft Visual Studio 10.0\VC\bin\link.exe /ERRORREPORT:PROMPT /OUT:"G:\learn\gamex\gamex\Debug.win32\libExtensions.dll" /NOLOGO /LIBPATH:G:\learn\gamex\gamex\Debug.win32\ libExtensions.lib opengl32.lib glew32.lib libzlib.lib libpng.lib libcurl_imp.lib libjpeg.lib libtiff.lib libwebp.lib libiconv.lib pthreadVCE2.lib libcocos2d.lib libchipmunk.lib libCocosDenshion.lib websockets.lib sqlite3.lib kernel32.lib user32.lib gdi32.lib winspool.lib comdlg32.lib advapi32.lib shell32.lib ole32.lib oleaut32.lib uuid.lib odbc32.lib odbccp32.lib /MANIFEST /ManifestFile:"Debug.win32\libExtensions.dll.intermediate.manifest" /MANIFESTUAC:"level='asInvoker' uiAccess='false'" /DEBUG /PDB:"G:\learn\gamex\gamex\Debug.win32\libExtensions.pdb" /TLBID:1 /DYNAMICBASE /NXCOMPAT /IMPLIB:"G:\learn\gamex\gamex\Debug.win32\libExtensions.lib" /MACHINE:X86 /DLL Debug.win32\AssetsManager.obj
         Debug.win32\CCBAnimationManager.obj
         Debug.win32\CCBFileLoader.obj
         Debug.win32\CCBKeyframe.obj
         Debug.win32\CCBReader.obj
         Debug.win32\CCBSequence.obj
         Debug.win32\CCBSequenceProperty.obj
         Debug.win32\CCBValue.obj
         Debug.win32\CCControlButtonLoader.obj
         Debug.win32\CCControlLoader.obj
         Debug.win32\CCData.obj
         Debug.win32\CCLabelBMFontLoader.obj
         Debug.win32\CCLabelTTFLoader.obj
         Debug.win32\CCLayerColorLoader.obj
         Debug.win32\CCLayerGradientLoader.obj
         Debug.win32\CCLayerLoader.obj
         Debug.win32\CCMenuItemImageLoader.obj
         Debug.win32\CCMenuItemLoader.obj
         Debug.win32\CCNode+CCBRelativePositioning.obj
         Debug.win32\CCNodeLoader.obj
         Debug.win32\CCNodeLoaderLibrary.obj
         Debug.win32\CCParticleSystemQuadLoader.obj
         Debug.win32\CCScale9SpriteLoader.obj
         Debug.win32\CCScrollViewLoader.obj
         Debug.win32\CCSpriteLoader.obj
         Debug.win32\CCActionTimeline.obj
         Debug.win32\CCActionTimelineCache.obj
         Debug.win32\CCFrame.obj
         Debug.win32\CCNodeReader.obj
         Debug.win32\CCTimeLine.obj
         Debug.win32\CCActionEaseEx.obj
         Debug.win32\CCActionFrame.obj
         Debug.win32\CCActionFrameEasing.obj
         Debug.win32\CCActionManager.obj
         Debug.win32\CCActionNode.obj
         Debug.win32\CCActionObject.obj
         Debug.win32\CCArmatureAnimation.obj
         Debug.win32\CCProcessBase.obj
         Debug.win32\CCTween.obj
         Debug.win32\CCArmature.obj
         Debug.win32\CCBone.obj
         Debug.win32\CCDatas.obj
         Debug.win32\CCBatchNode.obj
         Debug.win32\CCDecorativeDisplay.obj
         Debug.win32\CCDisplayFactory.obj
         Debug.win32\CCDisplayManager.obj
         Debug.win32\CCSkin.obj
         Debug.win32\CCColliderDetector.obj
         Debug.win32\CCArmatureDataManager.obj
         Debug.win32\CCArmatureDefine.obj
         Debug.win32\CCDataReaderHelper.obj
         Debug.win32\CCSpriteFrameCacheHelper.obj
         Debug.win32\CCTransformHelp.obj
         Debug.win32\CCTweenFunction.obj
         Debug.win32\CCUtilMath.obj
         Debug.win32\CCComAttribute.obj
         Debug.win32\CCComAudio.obj
         Debug.win32\CCComController.obj
         Debug.win32\CCComRender.obj
         Debug.win32\CCInputDelegate.obj
         Debug.win32\UIWidget.obj
         Debug.win32\UILayout.obj
         Debug.win32\UILayoutDefine.obj
         Debug.win32\UILayoutParameter.obj
         Debug.win32\CocosGUI.obj
         Debug.win32\UIHelper.obj
         Debug.win32\UITouchGroup.obj
         Debug.win32\UIListView.obj
         Debug.win32\UIPageView.obj
         Debug.win32\UIScrollView.obj
         Debug.win32\UIButton.obj
         Debug.win32\UICheckBox.obj
         Debug.win32\UIImageView.obj
         Debug.win32\UILabel.obj
         Debug.win32\UILabelAtlas.obj
         Debug.win32\UILabelBMFont.obj
         Debug.win32\UILoadingBar.obj
         Debug.win32\UIRichText.obj
         Debug.win32\UISlider.obj
         Debug.win32\UITextField.obj
         Debug.win32\CocoLoader.obj
         Debug.win32\DictionaryHelper.obj
         Debug.win32\GUIReader.obj
         Debug.win32\SceneReader.obj
         Debug.win32\ButtonReader.obj
         Debug.win32\CheckBoxReader.obj
         Debug.win32\ImageViewReader.obj
         Debug.win32\LabelAtlasReader.obj
         Debug.win32\LabelBMFontReader.obj
         Debug.win32\LabelReader.obj
         Debug.win32\LayoutReader.obj
         Debug.win32\ListViewReader.obj
         Debug.win32\LoadingBarReader.obj
         Debug.win32\PageViewReader.obj
         Debug.win32\ScrollViewReader.obj
         Debug.win32\SliderReader.obj
         Debug.win32\TextFieldReader.obj
         Debug.win32\WidgetReader.obj
         Debug.win32\ObjectFactory.obj
         Debug.win32\TriggerBase.obj
         Debug.win32\TriggerMng.obj
         Debug.win32\TriggerObj.obj
         Debug.win32\CCControl.obj
         Debug.win32\CCControlButton.obj
         Debug.win32\CCControlColourPicker.obj
         Debug.win32\CCControlHuePicker.obj
         Debug.win32\CCControlPotentiometer.obj
         Debug.win32\CCControlSaturationBrightnessPicker.obj
         Debug.win32\CCControlSlider.obj
         Debug.win32\CCControlStepper.obj
         Debug.win32\CCControlSwitch.obj
         Debug.win32\CCControlUtils.obj
         Debug.win32\CCInvocation.obj
         Debug.win32\CCScale9Sprite.obj
         Debug.win32\CCEditBox.obj
         Debug.win32\CCEditBoxImplWin.obj
         Debug.win32\CCScrollView.obj
         Debug.win32\CCSorting.obj
         Debug.win32\CCTableView.obj
         Debug.win32\CCTableViewCell.obj
         Debug.win32\LocalStorage.obj
         Debug.win32\HttpClient.obj
         Debug.win32\Websocket.obj
         Debug.win32\CCPhysicsDebugNode.obj
         Debug.win32\CCPhysicsSprite.obj
         Debug.win32\Animation.obj
         Debug.win32\AnimationState.obj
         Debug.win32\AnimationStateData.obj
         Debug.win32\Atlas.obj
         Debug.win32\AtlasAttachmentLoader.obj
         Debug.win32\Attachment.obj
         Debug.win32\AttachmentLoader.obj
         Debug.win32\Bone.obj
         Debug.win32\BoneData.obj
         Debug.win32\CCSkeleton.obj
         Debug.win32\CCSkeletonAnimation.obj
         Debug.win32\extension.obj
         Debug.win32\Json.obj
         Debug.win32\RegionAttachment.obj
         Debug.win32\Skeleton.obj
         Debug.win32\SkeletonData.obj
         Debug.win32\SkeletonJson.obj
         Debug.win32\Skin.obj
         Debug.win32\Slot.obj
         Debug.win32\SlotData.obj
         "Debug.win32\spine-cocos2dx.obj"
         Debug.win32\pch.obj
         Debug.win32\Win32InputBox.obj
         {{xgTaskID=00000006}}
     1>LINK : fatal error LNK1104: 无法打开文件“libExtensions.lib”
         {{xgTaskID=00000000}}
     1>已完成生成项目“G:\learn\gamex\gamex\extensions\proj.win32\libExtensions.vcxproj”(build 个目标)的操作 - 失败。

生成失败。

已用时间 00:00:00.76
