生成启动时间为 2014/9/8 10:53:18。
     1>项目“G:\learn\gamex\gamex\cocos2dx\proj.win32\cocos2d.vcxproj”在节点 3 上(build 个目标)。
     1>PrepareForBuild:
         正在创建目录“G:\learn\gamex\gamex\Debug.win32\”。
       InitializeBuildStatus:
         正在创建“Debug.win32\libcocos2d.unsuccessfulbuild”，因为已指定“AlwaysCreate”。
       ClCompile:
         C:\Program Files (x86)\Microsoft Visual Studio 10.0\VC\bin\CL.exe /c /I"C:\Program Files (x86)\Microsoft SDKs\Windows\v7.1A\include" /IG:\learn\gamex\gamex\cocos2dx\proj.win32\.. /IG:\learn\gamex\gamex\cocos2dx\proj.win32\..\platform\win32 /IG:\learn\gamex\gamex\cocos2dx\proj.win32\..\platform\third_party\win32\iconv /IG:\learn\gamex\gamex\cocos2dx\proj.win32\..\platform\third_party\win32\zlib /IG:\learn\gamex\gamex\cocos2dx\proj.win32\..\platform\third_party\win32\libpng /IG:\learn\gamex\gamex\cocos2dx\proj.win32\..\platform\third_party\win32\libjpeg /IG:\learn\gamex\gamex\cocos2dx\proj.win32\..\platform\third_party\win32\libtiff /IG:\learn\gamex\gamex\cocos2dx\proj.win32\..\platform\third_party\win32\libwebp /IG:\learn\gamex\gamex\cocos2dx\proj.win32\..\platform\third_party\win32\pthread /IG:\learn\gamex\gamex\cocos2dx\proj.win32\..\platform\third_party\win32\OGLES /I..\include /IG:\learn\gamex\gamex\cocos2dx\proj.win32\..\kazmath\include /ZI /nologo /W3 /WX- /Od /Oy- /D WIN32 /D _DEBUG /D _WINDOWS /D _USRDLL /D COCOS2DXWIN32_EXPORTS /D GL_GLEXT_PROTOTYPES /D COCOS2D_DEBUG=1 /D _CRT_SECURE_NO_WARNINGS /D _SCL_SECURE_NO_WARNINGS /D _WINDLL /D _UNICODE /D UNICODE /Gm /EHsc /RTC1 /MDd /GS /fp:precise /Zc:wchar_t /Zc:forScope /Yc"pch.h" /Fp"Debug.win32\libcocos2d.pch" /Fo"Debug.win32\\" /Fd"Debug.win32\vc100.pdb" /Gd /TP /wd4267 /wd4251 /wd4244 /FIpch.h /analyze- /errorReport:prompt pch.cpp
         {{xgTaskID=00000005}}
         pch.cpp
         {{xgTaskID=00000000}}
         C:\Program Files (x86)\Microsoft Visual Studio 10.0\VC\bin\CL.exe /c /I"C:\Program Files (x86)\Microsoft SDKs\Windows\v7.1A\include" /IG:\learn\gamex\gamex\cocos2dx\proj.win32\.. /IG:\learn\gamex\gamex\cocos2dx\proj.win32\..\platform\win32 /IG:\learn\gamex\gamex\cocos2dx\proj.win32\..\platform\third_party\win32\iconv /IG:\learn\gamex\gamex\cocos2dx\proj.win32\..\platform\third_party\win32\zlib /IG:\learn\gamex\gamex\cocos2dx\proj.win32\..\platform\third_party\win32\libpng /IG:\learn\gamex\gamex\cocos2dx\proj.win32\..\platform\third_party\win32\libjpeg /IG:\learn\gamex\gamex\cocos2dx\proj.win32\..\platform\third_party\win32\libtiff /IG:\learn\gamex\gamex\cocos2dx\proj.win32\..\platform\third_party\win32\libwebp /IG:\learn\gamex\gamex\cocos2dx\proj.win32\..\platform\third_party\win32\pthread /IG:\learn\gamex\gamex\cocos2dx\proj.win32\..\platform\third_party\win32\OGLES /I..\include /IG:\learn\gamex\gamex\cocos2dx\proj.win32\..\kazmath\include /ZI /nologo /W3 /WX- /Od /Oy- /D WIN32 /D _DEBUG /D _WINDOWS /D _USRDLL /D COCOS2DXWIN32_EXPORTS /D GL_GLEXT_PROTOTYPES /D COCOS2D_DEBUG=1 /D _CRT_SECURE_NO_WARNINGS /D _SCL_SECURE_NO_WARNINGS /D _WINDLL /D _UNICODE /D UNICODE /Gm /EHsc /RTC1 /MDd /GS /fp:precise /Zc:wchar_t /Zc:forScope /Yu"pch.h" /Fp"Debug.win32\libcocos2d.pch" /Fo"Debug.win32\\" /Fd"Debug.win32\vc100.pdb" /Gd /TP /wd4267 /wd4251 /wd4244 /FIpch.h /analyze- /errorReport:prompt ..\base_nodes\CCAtlasNode.cpp ..\base_nodes\CCNode.cpp ..\cocoa\CCAffineTransform.cpp ..\cocoa\CCArray.cpp ..\cocoa\CCAutoreleasePool.cpp ..\cocoa\CCDataVisitor.cpp ..\cocoa\CCDictionary.cpp ..\cocoa\CCGeometry.cpp ..\cocoa\CCNS.cpp ..\cocoa\CCObject.cpp ..\cocoa\CCSet.cpp ..\cocoa\CCString.cpp ..\cocoa\CCZone.cpp ..\draw_nodes\CCDrawingPrimitives.cpp ..\draw_nodes\CCDrawNode.cpp ..\effects\CCGrabber.cpp ..\effects\CCGrid.cpp ..\actions\CCAction.cpp ..\actions\CCActionCamera.cpp ..\actions\CCActionCatmullRom.cpp ..\actions\CCActionEase.cpp ..\actions\CCActionGrid.cpp ..\actions\CCActionGrid3D.cpp ..\actions\CCActionInstant.cpp ..\actions\CCActionInterval.cpp ..\actions\CCActionManager.cpp ..\actions\CCActionPageTurn3D.cpp ..\actions\CCActionProgressTimer.cpp ..\actions\CCActionTiledGrid.cpp ..\actions\CCActionTween.cpp ..\label_nodes\CCLabelAtlas.cpp ..\label_nodes\CCLabelBMFont.cpp ..\label_nodes\CCLabelTTF.cpp ..\layers_scenes_transitions_nodes\CCLayer.cpp ..\layers_scenes_transitions_nodes\CCScene.cpp ..\layers_scenes_transitions_nodes\CCTransition.cpp ..\layers_scenes_transitions_nodes\CCTransitionPageTurn.cpp ..\layers_scenes_transitions_nodes\CCTransitionProgress.cpp ..\menu_nodes\CCMenu.cpp ..\menu_nodes\CCMenuItem.cpp ..\misc_nodes\CCClippingNode.cpp ..\misc_nodes\CCMotionStreak.cpp ..\misc_nodes\CCProgressTimer.cpp ..\misc_nodes\CCRenderTexture.cpp ..\particle_nodes\CCParticleBatchNode.cpp ..\particle_nodes\CCParticleExamples.cpp ..\particle_nodes\CCParticleSystem.cpp ..\particle_nodes\CCParticleSystemQuad.cpp ..\platform\CCEGLViewProtocol.cpp ..\platform\CCFileUtils.cpp ..\platform\CCImageCommonWebp.cpp ..\platform\CCSAXParser.cpp ..\platform\CCThread.cpp ..\platform\platform.cpp ..\platform\win32\CCAccelerometer.cpp ..\platform\win32\CCApplication.cpp ..\platform\win32\CCCommon.cpp ..\platform\win32\CCDevice.cpp ..\platform\win32\CCEGLView.cpp ..\platform\win32\CCFileUtilsWin32.cpp ..\platform\win32\CCImage.cpp ..\platform\win32\CCStdC.cpp ..\shaders\CCGLProgram.cpp ..\shaders\ccGLStateCache.cpp ..\shaders\CCShaderCache.cpp ..\shaders\ccShaders.cpp ..\sprite_nodes\CCAnimation.cpp ..\sprite_nodes\CCAnimationCache.cpp ..\sprite_nodes\CCSprite.cpp ..\sprite_nodes\CCSpriteBatchNode.cpp ..\sprite_nodes\CCSpriteFrame.cpp ..\sprite_nodes\CCSpriteFrameCache.cpp ..\support\base64.cpp ..\support\CCNotificationCenter.cpp ..\support\CCPointExtension.cpp ..\support\CCProfiling.cpp ..\support\ccUTF8.cpp ..\support\ccUtils.cpp ..\support\CCVertex.cpp ..\support\component\CCComponent.cpp ..\support\component\CCComponentContainer.cpp ..\support\tinyxml2\tinyxml2.cpp ..\support\TransformUtils.cpp ..\support\data_support\ccCArray.cpp ..\support\image_support\TGAlib.cpp ..\support\user_default\CCUserDefault.cpp ..\support\zip_support\ioapi.cpp ..\support\zip_support\unzip.cpp ..\support\zip_support\ZipUtils.cpp ..\textures\CCTexture2D.cpp ..\textures\CCTextureAtlas.cpp ..\textures\CCTextureCache.cpp ..\textures\CCTextureETC.cpp ..\textures\CCTexturePVR.cpp ..\tileMap_parallax_nodes\CCParallaxNode.cpp ..\tileMap_parallax_nodes\CCTileMapAtlas.cpp ..\tileMap_parallax_nodes\CCTMXLayer.cpp ..\tileMap_parallax_nodes\CCTMXObjectGroup.cpp ..\tileMap_parallax_nodes\CCTMXTiledMap.cpp ..\tileMap_parallax_nodes\CCTMXXMLParser.cpp ..\touch_dispatcher\CCTouch.cpp ..\touch_dispatcher\CCTouchDispatcher.cpp ..\touch_dispatcher\CCTouchHandler.cpp ..\keypad_dispatcher\CCKeypadDelegate.cpp ..\keypad_dispatcher\CCKeypadDispatcher.cpp ..\text_input_node\CCIMEDispatcher.cpp ..\text_input_node\CCTextFieldTTF.cpp ..\script_support\CCScriptSupport.cpp ..\CCCamera.cpp ..\CCConfiguration.cpp ..\CCDirector.cpp ..\CCScheduler.cpp ..\cocos2d.cpp
         {{xgTaskID=00000007}}
         CCAtlasNode.cpp
         {{xgTaskID=00000000}}
         {{xgTaskID=00000008}}
         CCNode.cpp
         {{xgTaskID=00000000}}
         {{xgTaskID=00000009}}
         CCAffineTransform.cpp
         {{xgTaskID=00000000}}
         {{xgTaskID=0000000B}}
         CCAutoreleasePool.cpp
         {{xgTaskID=00000000}}
         {{xgTaskID=0000000A}}
         CCArray.cpp
         {{xgTaskID=00000000}}
         {{xgTaskID=0000000C}}
         CCDataVisitor.cpp
         {{xgTaskID=00000000}}
         {{xgTaskID=0000000E}}
         CCGeometry.cpp
         {{xgTaskID=00000000}}
         {{xgTaskID=0000000D}}
         CCDictionary.cpp
         {{xgTaskID=00000000}}
         {{xgTaskID=00000010}}
         CCObject.cpp
         {{xgTaskID=00000000}}
         {{xgTaskID=0000000F}}
         CCNS.cpp
         {{xgTaskID=00000000}}
         {{xgTaskID=00000011}}
         CCSet.cpp
         {{xgTaskID=00000000}}
         {{xgTaskID=00000012}}
         CCString.cpp
         {{xgTaskID=00000000}}
         {{xgTaskID=00000013}}
         CCZone.cpp
         {{xgTaskID=00000000}}
         {{xgTaskID=00000014}}
         CCDrawingPrimitives.cpp
         {{xgTaskID=00000000}}
         {{xgTaskID=00000015}}
         CCDrawNode.cpp
         {{xgTaskID=00000000}}
         {{xgTaskID=00000016}}
         CCGrabber.cpp
         {{xgTaskID=00000000}}
         {{xgTaskID=00000018}}
         CCAction.cpp
         {{xgTaskID=00000000}}
         {{xgTaskID=00000017}}
         CCGrid.cpp
         {{xgTaskID=00000000}}
         {{xgTaskID=00000019}}
         CCActionCamera.cpp
         {{xgTaskID=00000000}}
         {{xgTaskID=0000001A}}
         CCActionCatmullRom.cpp
         {{xgTaskID=00000000}}
         {{xgTaskID=0000001B}}
         CCActionEase.cpp
         {{xgTaskID=00000000}}
         {{xgTaskID=0000001C}}
         CCActionGrid.cpp
         {{xgTaskID=00000000}}
         {{xgTaskID=0000001D}}
         CCActionGrid3D.cpp
         {{xgTaskID=00000000}}
         {{xgTaskID=0000001E}}
         CCActionInstant.cpp
         {{xgTaskID=00000000}}
         {{xgTaskID=00000021}}
         CCActionPageTurn3D.cpp
         {{xgTaskID=00000000}}
         {{xgTaskID=00000020}}
         CCActionManager.cpp
         {{xgTaskID=00000000}}
         {{xgTaskID=0000001F}}
         CCActionInterval.cpp
         {{xgTaskID=00000000}}
         {{xgTaskID=00000024}}
         CCActionTween.cpp
         {{xgTaskID=00000000}}
         {{xgTaskID=00000025}}
         CCLabelAtlas.cpp
         {{xgTaskID=00000000}}
         {{xgTaskID=00000023}}
         CCActionTiledGrid.cpp
         {{xgTaskID=00000000}}
         {{xgTaskID=00000027}}
         CCLabelTTF.cpp
         {{xgTaskID=00000000}}
         {{xgTaskID=00000028}}
         CCLayer.cpp
         {{xgTaskID=00000000}}
         {{xgTaskID=00000029}}
         CCScene.cpp
         {{xgTaskID=00000000}}
         {{xgTaskID=00000026}}
         CCLabelBMFont.cpp
         {{xgTaskID=00000000}}
         {{xgTaskID=0000002E}}
         CCMenuItem.cpp
         {{xgTaskID=00000000}}
         {{xgTaskID=0000002F}}
         CCClippingNode.cpp
         {{xgTaskID=00000000}}
         {{xgTaskID=00000030}}
         CCMotionStreak.cpp
         {{xgTaskID=00000000}}
         {{xgTaskID=00000031}}
         CCProgressTimer.cpp
         {{xgTaskID=00000000}}
         {{xgTaskID=00000033}}
         CCParticleBatchNode.cpp
         {{xgTaskID=00000000}}
         {{xgTaskID=00000034}}
         CCParticleExamples.cpp
         {{xgTaskID=00000000}}
         {{xgTaskID=00000036}}
         CCParticleSystemQuad.cpp
         {{xgTaskID=00000000}}
         {{xgTaskID=00000037}}
         CCEGLViewProtocol.cpp
         {{xgTaskID=00000000}}
         {{xgTaskID=00000038}}
         CCFileUtils.cpp
         {{xgTaskID=00000000}}
         {{xgTaskID=00000035}}
         CCParticleSystem.cpp
         {{xgTaskID=00000000}}
         {{xgTaskID=00000039}}
         CCImageCommonWebp.cpp
         {{xgTaskID=00000000}}
         {{xgTaskID=0000003A}}
         CCSAXParser.cpp
         {{xgTaskID=00000000}}
         {{xgTaskID=0000003B}}
         CCThread.cpp
         {{xgTaskID=00000000}}
         {{xgTaskID=0000003C}}
         platform.cpp
         {{xgTaskID=00000000}}
         {{xgTaskID=0000003D}}
         CCAccelerometer.cpp
         {{xgTaskID=00000000}}
         {{xgTaskID=0000003F}}
         CCCommon.cpp
         {{xgTaskID=00000000}}
         {{xgTaskID=00000040}}
         CCDevice.cpp
         {{xgTaskID=00000000}}
         {{xgTaskID=0000003E}}
         CCApplication.cpp
         {{xgTaskID=00000000}}
         {{xgTaskID=00000041}}
         CCEGLView.cpp
         {{xgTaskID=00000000}}
         {{xgTaskID=0000002B}}
         CCTransitionPageTurn.cpp
         {{xgTaskID=00000000}}
         {{xgTaskID=00000022}}
         CCActionProgressTimer.cpp
         {{xgTaskID=00000000}}
         {{xgTaskID=0000002C}}
         CCTransitionProgress.cpp
         {{xgTaskID=00000000}}
         {{xgTaskID=0000002A}}
         CCTransition.cpp
         {{xgTaskID=00000000}}
         {{xgTaskID=0000002D}}
         CCMenu.cpp
         {{xgTaskID=00000000}}
         {{xgTaskID=00000046}}
         ccGLStateCache.cpp
         {{xgTaskID=00000000}}
         {{xgTaskID=00000047}}
         CCShaderCache.cpp
         {{xgTaskID=00000000}}
         {{xgTaskID=00000045}}
         CCGLProgram.cpp
         {{xgTaskID=00000000}}
         {{xgTaskID=0000004A}}
         CCAnimationCache.cpp
         {{xgTaskID=00000000}}
         {{xgTaskID=00000049}}
         CCAnimation.cpp
         {{xgTaskID=00000000}}
         {{xgTaskID=00000044}}
         CCStdC.cpp
         {{xgTaskID=00000000}}
         {{xgTaskID=00000043}}
         CCImage.cpp
         {{xgTaskID=00000000}}
         {{xgTaskID=00000048}}
         ccShaders.cpp
         {{xgTaskID=00000000}}
         {{xgTaskID=0000004D}}
         CCSpriteFrame.cpp
         {{xgTaskID=00000000}}
         {{xgTaskID=0000004F}}
         base64.cpp
         {{xgTaskID=00000000}}
         {{xgTaskID=0000004C}}
         CCSpriteBatchNode.cpp
         {{xgTaskID=00000000}}
         {{xgTaskID=0000004B}}
         CCSprite.cpp
         {{xgTaskID=00000000}}
         {{xgTaskID=0000004E}}
         CCSpriteFrameCache.cpp
         {{xgTaskID=00000000}}
         {{xgTaskID=00000050}}
         CCNotificationCenter.cpp
         {{xgTaskID=00000000}}
         {{xgTaskID=00000051}}
         CCPointExtension.cpp
         {{xgTaskID=00000000}}
         {{xgTaskID=00000052}}
         CCProfiling.cpp
         {{xgTaskID=00000000}}
         {{xgTaskID=00000058}}
         tinyxml2.cpp
         {{xgTaskID=00000000}}
         {{xgTaskID=00000042}}
         CCFileUtilsWin32.cpp
         {{xgTaskID=00000000}}
         {{xgTaskID=00000059}}
         TransformUtils.cpp
         {{xgTaskID=00000000}}
         {{xgTaskID=0000005A}}
         ccCArray.cpp
         {{xgTaskID=00000000}}
         {{xgTaskID=0000005B}}
         TGAlib.cpp
         {{xgTaskID=00000000}}
         {{xgTaskID=00000061}}
         CCTextureAtlas.cpp
         {{xgTaskID=00000000}}
         {{xgTaskID=00000056}}
         CCComponent.cpp
         {{xgTaskID=00000000}}
         {{xgTaskID=00000057}}
         CCComponentContainer.cpp
         {{xgTaskID=00000000}}
         {{xgTaskID=00000055}}
         CCVertex.cpp
         {{xgTaskID=00000000}}
         {{xgTaskID=00000068}}
         CCTMXObjectGroup.cpp
         {{xgTaskID=00000000}}
         {{xgTaskID=00000054}}
         ccUtils.cpp
         {{xgTaskID=00000000}}
         {{xgTaskID=00000053}}
         ccUTF8.cpp
         {{xgTaskID=00000000}}
         {{xgTaskID=00000069}}
         CCTMXTiledMap.cpp
         {{xgTaskID=00000000}}
         {{xgTaskID=00000065}}
         CCParallaxNode.cpp
         {{xgTaskID=00000000}}
         {{xgTaskID=00000067}}
         CCTMXLayer.cpp
         {{xgTaskID=00000000}}
         {{xgTaskID=00000063}}
         CCTextureETC.cpp
         {{xgTaskID=00000000}}
         {{xgTaskID=00000064}}
         CCTexturePVR.cpp
         {{xgTaskID=00000000}}
         {{xgTaskID=00000066}}
         CCTileMapAtlas.cpp
         {{xgTaskID=00000000}}
         {{xgTaskID=0000006D}}
         CCTouchHandler.cpp
         {{xgTaskID=00000000}}
         {{xgTaskID=0000006F}}
         CCKeypadDispatcher.cpp
         {{xgTaskID=00000000}}
         {{xgTaskID=00000071}}
         CCTextFieldTTF.cpp
         {{xgTaskID=00000000}}
         {{xgTaskID=00000070}}
         CCIMEDispatcher.cpp
         {{xgTaskID=00000000}}
         {{xgTaskID=0000006E}}
         CCKeypadDelegate.cpp
         {{xgTaskID=00000000}}
         {{xgTaskID=00000073}}
         CCCamera.cpp
         {{xgTaskID=00000000}}
         {{xgTaskID=00000077}}
         cocos2d.cpp
         {{xgTaskID=00000000}}
         {{xgTaskID=00000074}}
         CCConfiguration.cpp
         {{xgTaskID=00000000}}
         {{xgTaskID=0000006C}}
         CCTouchDispatcher.cpp
         {{xgTaskID=00000000}}
         {{xgTaskID=00000062}}
         CCTextureCache.cpp
         {{xgTaskID=00000000}}
         {{xgTaskID=0000006B}}
         CCTouch.cpp
         {{xgTaskID=00000000}}
         {{xgTaskID=00000076}}
         CCScheduler.cpp
         {{xgTaskID=00000000}}
         {{xgTaskID=00000075}}
         CCDirector.cpp
         {{xgTaskID=00000000}}
         {{xgTaskID=0000005C}}
         CCUserDefault.cpp
         {{xgTaskID=00000000}}
         {{xgTaskID=0000005D}}
         ioapi.cpp
         {{xgTaskID=00000000}}
         {{xgTaskID=0000006A}}
         CCTMXXMLParser.cpp
         {{xgTaskID=00000000}}
         {{xgTaskID=00000072}}
         CCScriptSupport.cpp
         {{xgTaskID=00000000}}
         {{xgTaskID=00000060}}
         CCTexture2D.cpp
         {{xgTaskID=00000000}}
         {{xgTaskID=0000005E}}
         unzip.cpp
         {{xgTaskID=00000000}}
         {{xgTaskID=0000005F}}
         ZipUtils.cpp
         {{xgTaskID=00000000}}
         {{xgTaskID=00000032}}
         CCRenderTexture.cpp
         {{xgTaskID=00000000}}
         C:\Program Files (x86)\Microsoft Visual Studio 10.0\VC\bin\CL.exe /c /I"C:\Program Files (x86)\Microsoft SDKs\Windows\v7.1A\include" /IG:\learn\gamex\gamex\cocos2dx\proj.win32\.. /IG:\learn\gamex\gamex\cocos2dx\proj.win32\..\platform\win32 /IG:\learn\gamex\gamex\cocos2dx\proj.win32\..\platform\third_party\win32\iconv /IG:\learn\gamex\gamex\cocos2dx\proj.win32\..\platform\third_party\win32\zlib /IG:\learn\gamex\gamex\cocos2dx\proj.win32\..\platform\third_party\win32\libpng /IG:\learn\gamex\gamex\cocos2dx\proj.win32\..\platform\third_party\win32\libjpeg /IG:\learn\gamex\gamex\cocos2dx\proj.win32\..\platform\third_party\win32\libtiff /IG:\learn\gamex\gamex\cocos2dx\proj.win32\..\platform\third_party\win32\libwebp /IG:\learn\gamex\gamex\cocos2dx\proj.win32\..\platform\third_party\win32\pthread /IG:\learn\gamex\gamex\cocos2dx\proj.win32\..\platform\third_party\win32\OGLES /I..\include /IG:\learn\gamex\gamex\cocos2dx\proj.win32\..\kazmath\include /ZI /nologo /W3 /WX- /Od /Oy- /D WIN32 /D _DEBUG /D _WINDOWS /D _USRDLL /D COCOS2DXWIN32_EXPORTS /D GL_GLEXT_PROTOTYPES /D COCOS2D_DEBUG=1 /D _CRT_SECURE_NO_WARNINGS /D _SCL_SECURE_NO_WARNINGS /D _WINDLL /D _UNICODE /D UNICODE /Gm /EHsc /RTC1 /MDd /GS /fp:precise /Zc:wchar_t /Zc:forScope /Fo"Debug.win32\\" /Fd"Debug.win32\vc100.pdb" /Gd /TC /wd4267 /wd4251 /wd4244 /analyze- /errorReport:prompt ..\ccFPSImages.c ..\kazmath\src\aabb.c ..\kazmath\src\mat3.c ..\kazmath\src\mat4.c ..\kazmath\src\neon_matrix_impl.c ..\kazmath\src\plane.c ..\kazmath\src\quaternion.c ..\kazmath\src\ray2.c ..\kazmath\src\utility.c ..\kazmath\src\vec2.c ..\kazmath\src\vec3.c ..\kazmath\src\vec4.c ..\kazmath\src\GL\mat4stack.c ..\kazmath\src\GL\matrix.c
         {{xgTaskID=00000079}}
         ccFPSImages.c
         {{xgTaskID=00000000}}
         {{xgTaskID=0000007A}}
         aabb.c
         {{xgTaskID=00000000}}
         {{xgTaskID=0000007B}}
         mat3.c
         {{xgTaskID=00000000}}
         {{xgTaskID=0000007C}}
         mat4.c
         {{xgTaskID=00000000}}
         {{xgTaskID=0000007D}}
         neon_matrix_impl.c
         {{xgTaskID=00000000}}
         {{xgTaskID=00000081}}
         utility.c
         {{xgTaskID=00000000}}
         {{xgTaskID=0000007E}}
         plane.c
     1>g:\learn\gamex\gamex\cocos2dx\kazmath\src\plane.c : warning C4819: 该文件包含不能在当前代码页(936)中表示的字符。请将该文件保存为 Unicode 格式以防止数据丢失
         {{xgTaskID=00000000}}
         {{xgTaskID=0000007F}}
         quaternion.c
         {{xgTaskID=00000000}}
         {{xgTaskID=00000080}}
         ray2.c
         {{xgTaskID=00000000}}
         {{xgTaskID=00000086}}
         matrix.c
         {{xgTaskID=00000000}}
         {{xgTaskID=00000082}}
         vec2.c
         {{xgTaskID=00000000}}
         {{xgTaskID=00000083}}
         vec3.c
         {{xgTaskID=00000000}}
         {{xgTaskID=00000084}}
         vec4.c
         {{xgTaskID=00000000}}
         {{xgTaskID=00000085}}
         mat4stack.c
         {{xgTaskID=00000000}}
       PreLinkEvent:
         /cstep C:\Program Files (x86)\Xoreax\IncrediBuild\temp\cstep_{5CB629D5-3B5D-46E6-A9A8-A2A1B4CCB7B7}.bat if not exist "G:\learn\gamex\gamex\Debug.win32\" mkdir "G:\learn\gamex\gamex\Debug.win32\"
         xcopy /Y /Q "G:\learn\gamex\gamex\cocos2dx\proj.win32\..\platform\third_party\win32\libraries\*.*" "G:\learn\gamex\gamex\Debug.win32\" /msg "Performing Pre-Link Event"
         :VCEnd
         {{xgTaskID=00000087}}
         复制了 15 个文件
         {{xgTaskID=00000000}}
       Link:
         C:\Program Files (x86)\Microsoft Visual Studio 10.0\VC\bin\link.exe /ERRORREPORT:PROMPT /OUT:"G:\learn\gamex\gamex\Debug.win32\libcocos2d.dll" /INCREMENTAL:NO /NOLOGO /LIBPATH:G:\learn\gamex\gamex\Debug.win32\ opengl32.lib glew32.lib libzlib.lib libpng.lib libjpeg.lib libtiff.lib libwebp.lib libiconv.lib pthreadVCE2.lib kernel32.lib user32.lib gdi32.lib winspool.lib comdlg32.lib advapi32.lib shell32.lib ole32.lib oleaut32.lib uuid.lib odbc32.lib odbccp32.lib /MANIFEST /ManifestFile:"Debug.win32\libcocos2d.dll.intermediate.manifest" /MANIFESTUAC:"level='asInvoker' uiAccess='false'" /DEBUG /PDB:"G:\learn\gamex\gamex\Debug.win32\libcocos2d.pdb" /SUBSYSTEM:WINDOWS /TLBID:1 /DYNAMICBASE /NXCOMPAT /IMPLIB:"G:\learn\gamex\gamex\Debug.win32\libcocos2d.lib" /MACHINE:X86 /DLL Debug.win32\CCAtlasNode.obj
         Debug.win32\CCNode.obj
         Debug.win32\ccFPSImages.obj
         Debug.win32\CCAffineTransform.obj
         Debug.win32\CCArray.obj
         Debug.win32\CCAutoreleasePool.obj
         Debug.win32\CCDataVisitor.obj
         Debug.win32\CCDictionary.obj
         Debug.win32\CCGeometry.obj
         Debug.win32\CCNS.obj
         Debug.win32\CCObject.obj
         Debug.win32\CCSet.obj
         Debug.win32\CCString.obj
         Debug.win32\CCZone.obj
         Debug.win32\CCDrawingPrimitives.obj
         Debug.win32\CCDrawNode.obj
         Debug.win32\CCGrabber.obj
         Debug.win32\CCGrid.obj
         Debug.win32\CCAction.obj
         Debug.win32\CCActionCamera.obj
         Debug.win32\CCActionCatmullRom.obj
         Debug.win32\CCActionEase.obj
         Debug.win32\CCActionGrid.obj
         Debug.win32\CCActionGrid3D.obj
         Debug.win32\CCActionInstant.obj
         Debug.win32\CCActionInterval.obj
         Debug.win32\CCActionManager.obj
         Debug.win32\CCActionPageTurn3D.obj
         Debug.win32\CCActionProgressTimer.obj
         Debug.win32\CCActionTiledGrid.obj
         Debug.win32\CCActionTween.obj
         Debug.win32\CCLabelAtlas.obj
         Debug.win32\CCLabelBMFont.obj
         Debug.win32\CCLabelTTF.obj
         Debug.win32\CCLayer.obj
         Debug.win32\CCScene.obj
         Debug.win32\CCTransition.obj
         Debug.win32\CCTransitionPageTurn.obj
         Debug.win32\CCTransitionProgress.obj
         Debug.win32\CCMenu.obj
         Debug.win32\CCMenuItem.obj
         Debug.win32\CCClippingNode.obj
         Debug.win32\CCMotionStreak.obj
         Debug.win32\CCProgressTimer.obj
         Debug.win32\CCRenderTexture.obj
         Debug.win32\CCParticleBatchNode.obj
         Debug.win32\CCParticleExamples.obj
         Debug.win32\CCParticleSystem.obj
         Debug.win32\CCParticleSystemQuad.obj
         Debug.win32\CCEGLViewProtocol.obj
         Debug.win32\CCFileUtils.obj
         Debug.win32\CCImageCommonWebp.obj
         Debug.win32\CCSAXParser.obj
         Debug.win32\CCThread.obj
         Debug.win32\platform.obj
         Debug.win32\CCAccelerometer.obj
         Debug.win32\CCApplication.obj
         Debug.win32\CCCommon.obj
         Debug.win32\CCDevice.obj
         Debug.win32\CCEGLView.obj
         Debug.win32\CCFileUtilsWin32.obj
         Debug.win32\CCImage.obj
         Debug.win32\CCStdC.obj
         Debug.win32\CCGLProgram.obj
         Debug.win32\ccGLStateCache.obj
         Debug.win32\CCShaderCache.obj
         Debug.win32\ccShaders.obj
         Debug.win32\CCAnimation.obj
         Debug.win32\CCAnimationCache.obj
         Debug.win32\CCSprite.obj
         Debug.win32\CCSpriteBatchNode.obj
         Debug.win32\CCSpriteFrame.obj
         Debug.win32\CCSpriteFrameCache.obj
         Debug.win32\base64.obj
         Debug.win32\CCNotificationCenter.obj
         Debug.win32\CCPointExtension.obj
         Debug.win32\CCProfiling.obj
         Debug.win32\ccUTF8.obj
         Debug.win32\ccUtils.obj
         Debug.win32\CCVertex.obj
         Debug.win32\CCComponent.obj
         Debug.win32\CCComponentContainer.obj
         Debug.win32\tinyxml2.obj
         Debug.win32\TransformUtils.obj
         Debug.win32\ccCArray.obj
         Debug.win32\TGAlib.obj
         Debug.win32\CCUserDefault.obj
         Debug.win32\ioapi.obj
         Debug.win32\unzip.obj
         Debug.win32\ZipUtils.obj
         Debug.win32\CCTexture2D.obj
         Debug.win32\CCTextureAtlas.obj
         Debug.win32\CCTextureCache.obj
         Debug.win32\CCTextureETC.obj
         Debug.win32\CCTexturePVR.obj
         Debug.win32\CCParallaxNode.obj
         Debug.win32\CCTileMapAtlas.obj
         Debug.win32\CCTMXLayer.obj
         Debug.win32\CCTMXObjectGroup.obj
         Debug.win32\CCTMXTiledMap.obj
         Debug.win32\CCTMXXMLParser.obj
         Debug.win32\CCTouch.obj
         Debug.win32\CCTouchDispatcher.obj
         Debug.win32\CCTouchHandler.obj
         Debug.win32\CCKeypadDelegate.obj
         Debug.win32\CCKeypadDispatcher.obj
         Debug.win32\CCIMEDispatcher.obj
         Debug.win32\CCTextFieldTTF.obj
         Debug.win32\CCScriptSupport.obj
         Debug.win32\aabb.obj
         Debug.win32\mat3.obj
         Debug.win32\mat4.obj
         Debug.win32\neon_matrix_impl.obj
         Debug.win32\plane.obj
         Debug.win32\quaternion.obj
         Debug.win32\ray2.obj
         Debug.win32\utility.obj
         Debug.win32\vec2.obj
         Debug.win32\vec3.obj
         Debug.win32\vec4.obj
         Debug.win32\mat4stack.obj
         Debug.win32\matrix.obj
         Debug.win32\CCCamera.obj
         Debug.win32\CCConfiguration.obj
         Debug.win32\CCDirector.obj
         Debug.win32\CCScheduler.obj
         Debug.win32\cocos2d.obj
         Debug.win32\pch.obj
         {{xgTaskID=00000088}}
     1>CCAtlasNode.obj : warning LNK4075: 忽略“/EDITANDCONTINUE”(由于“/INCREMENTAL:NO”规范)
            正在创建库 G:\learn\gamex\gamex\Debug.win32\libcocos2d.lib 和对象 G:\learn\gamex\gamex\Debug.win32\libcocos2d.exp
     1>LINK : warning LNK4098: 默认库“LIBCMT”与其他库的使用冲突；请使用 /NODEFAULTLIB:library
         {{xgTaskID=00000000}}
         cocos2d.vcxproj -> G:\learn\gamex\gamex\Debug.win32\libcocos2d.dll
       Manifest:
         C:\Program Files (x86)\Microsoft SDKs\Windows\v7.0A\bin\mt.exe /nologo /verbose /out:"G:\learn\gamex\gamex\Debug.win32\libcocos2d.dll.manifest" /manifest Debug.win32\libcocos2d.dll.intermediate.manifest
         {{xgTaskID=00000089}}
         
         {{xgTaskID=00000000}}
       FinalizeBuildStatus:
         正在删除文件“Debug.win32\libcocos2d.unsuccessfulbuild”。
         正在对“Debug.win32\libcocos2d.lastbuildstate”执行 Touch 任务。
     1>已完成生成项目“G:\learn\gamex\gamex\cocos2dx\proj.win32\cocos2d.vcxproj”(build 个目标)的操作。

生成成功。

已用时间 00:00:50.98
